Using pre-set license
Built from '2020.3/staging' branch; Version is '2020.3.10f1 (297d780c91bc) revision 2719096'; Using compiler version '192528614'; Build Type 'Release'
OS: 'Windows 10 Home; OS build 19044.1766; Version 2009; 64bit' Language: 'en' Physical Memory: 16325 MB
BatchMode: 1, IsHumanControllingUs: 0, StartBugReporterOnCrash: 0, Is64bit: 1, IsPro: 0

 COMMAND LINE ARGUMENTS:
C:\Program Files\Unity\Hub\Editor\2020.3.10f1\Editor\Unity.exe
-adb2
-batchMode
-noUpm
-name
AssetImportWorker0
-projectPath
C:/Users/alexs/Documents/UnityProjects/MonsterCatcher/CreatureCatcher
-logFile
Logs/AssetImportWorker0.log
-srvPort
63361
Successfully changed project path to: C:/Users/alexs/Documents/UnityProjects/MonsterCatcher/CreatureCatcher
C:/Users/alexs/Documents/UnityProjects/MonsterCatcher/CreatureCatcher
Using Asset Import Pipeline V2.
Refreshing native plugins compatible for Editor in 57.68 ms, found 3 plugins.
Preloading 0 native plugins for Editor in 0.00 ms.
Initialize engine version: 2020.3.10f1 (297d780c91bc)
[Subsystems] Discovering subsystems at path C:/Program Files/Unity/Hub/Editor/2020.3.10f1/Editor/Data/Resources/UnitySubsystems
[Subsystems] Discovering subsystems at path C:/Users/alexs/Documents/UnityProjects/MonsterCatcher/CreatureCatcher/Assets
GfxDevice: creating device client; threaded=0
Direct3D:
    Version:  Direct3D 11.0 [level 11.1]
    Renderer: NVIDIA GeForce RTX 2070 SUPER (ID=0x1e84)
    Vendor:   
    VRAM:     8011 MB
    Driver:   30.0.15.1259
Initialize mono
Mono path[0] = 'C:/Program Files/Unity/Hub/Editor/2020.3.10f1/Editor/Data/Managed'
Mono path[1] = 'C:/Program Files/Unity/Hub/Editor/2020.3.10f1/Editor/Data/MonoBleedingEdge/lib/mono/unityjit'
Mono config path = 'C:/Program Files/Unity/Hub/Editor/2020.3.10f1/Editor/Data/MonoBleedingEdge/etc'
Using monoOptions --debugger-agent=transport=dt_socket,embedding=1,server=y,suspend=n,address=127.0.0.1:56348
Begin MonoManager ReloadAssembly
Registering precompiled unity dll's ...
Register platform support module: C:/Program Files/Unity/Hub/Editor/2020.3.10f1/Editor/Data/PlaybackEngines/WebGLSupport/UnityEditor.WebGL.Extensions.dll
Register platform support module: C:/Program Files/Unity/Hub/Editor/2020.3.10f1/Editor/Data/PlaybackEngines/WindowsStandaloneSupport/UnityEditor.WindowsStandalone.Extensions.dll
Registered in 0.002309 seconds.
Native extension for WindowsStandalone target not found
Native extension for WebGL target not found
Refreshing native plugins compatible for Editor in 48.82 ms, found 3 plugins.
Preloading 0 native plugins for Editor in 0.00 ms.
Mono: successfully reloaded assembly
- Completed reload, in  1.637 seconds
Platform modules already initialized, skipping
Registering precompiled user dll's ...
Registered in 0.004777 seconds.
Begin MonoManager ReloadAssembly
Native extension for WindowsStandalone target not found
Native extension for WebGL target not found
Refreshing native plugins compatible for Editor in 72.71 ms, found 3 plugins.
Preloading 0 native plugins for Editor in 0.00 ms.
Mono: successfully reloaded assembly
- Completed reload, in  1.445 seconds
Platform modules already initialized, skipping
========================================================================
Worker process is ready to serve import requests
Launched and connected shader compiler UnityShaderCompiler.exe after 0.04 seconds
Refreshing native plugins compatible for Editor in 0.81 ms, found 3 plugins.
Preloading 0 native plugins for Editor in 0.00 ms.
Unloading 2589 Unused Serialized files (Serialized files now loaded: 0)
System memory in use before: 106.4 MB.
System memory in use after: 106.5 MB.

Unloading 64 unused Assets to reduce memory usage. Loaded Objects now: 2996.
Total: 7.106200 ms (FindLiveObjects: 0.219500 ms CreateObjectMapping: 0.111200 ms MarkObjects: 6.698100 ms  DeleteObjects: 0.076300 ms)

========================================================================
Received Import Request.
  path: Assets/Scenes/Main Game.unity
  artifactKey: Guid(2cda990e2423bbf4892e6590ba056729) Importer(815301076,1909f56bfc062723c751e8b465ee728b)
Start importing Assets/Scenes/Main Game.unity using Guid(2cda990e2423bbf4892e6590ba056729) Importer(815301076,1909f56bfc062723c751e8b465ee728b)  -> (artifact id: '5b672a25feccb7b69b3ebced1c749f56') in 0.018188 seconds
  Import took 0.023052 seconds .

========================================================================
Received Prepare
Registering precompiled user dll's ...
Registered in 0.004907 seconds.
Begin MonoManager ReloadAssembly
Native extension for WindowsStandalone target not found
Native extension for WebGL target not found
Refreshing native plugins compatible for Editor in 0.68 ms, found 3 plugins.
Preloading 0 native plugins for Editor in 0.00 ms.
Mono: successfully reloaded assembly
- Completed reload, in  0.880 seconds
Platform modules already initialized, skipping
Refreshing native plugins compatible for Editor in 0.69 ms, found 3 plugins.
Preloading 0 native plugins for Editor in 0.00 ms.
Unloading 2579 Unused Serialized files (Serialized files now loaded: 0)
System memory in use before: 105.9 MB.
System memory in use after: 106.2 MB.

Unloading 52 unused Assets to reduce memory usage. Loaded Objects now: 3000.
Total: 4.901300 ms (FindLiveObjects: 0.206900 ms CreateObjectMapping: 0.097500 ms MarkObjects: 4.575200 ms  DeleteObjects: 0.021000 ms)

========================================================================
Received Prepare
Registering precompiled user dll's ...
Registered in 0.004559 seconds.
Begin MonoManager ReloadAssembly
Native extension for WindowsStandalone target not found
Native extension for WebGL target not found
Refreshing native plugins compatible for Editor in 0.69 ms, found 3 plugins.
Preloading 0 native plugins for Editor in 0.00 ms.
Mono: successfully reloaded assembly
- Completed reload, in  0.890 seconds
Platform modules already initialized, skipping
Refreshing native plugins compatible for Editor in 0.68 ms, found 3 plugins.
Preloading 0 native plugins for Editor in 0.00 ms.
Unloading 2579 Unused Serialized files (Serialized files now loaded: 0)
System memory in use before: 106.0 MB.
System memory in use after: 106.2 MB.

Unloading 52 unused Assets to reduce memory usage. Loaded Objects now: 3004.
Total: 4.659800 ms (FindLiveObjects: 0.209900 ms CreateObjectMapping: 0.099800 ms MarkObjects: 4.326700 ms  DeleteObjects: 0.022600 ms)

========================================================================
Received Import Request.
  Time since last request: 213.618420 seconds.
  path: Assets/Scripts/AI Behavior
  artifactKey: Guid(dc8b7f0351ccdf741a996631e9b4b458) Importer(815301076,1909f56bfc062723c751e8b465ee728b)
Start importing Assets/Scripts/AI Behavior using Guid(dc8b7f0351ccdf741a996631e9b4b458) Importer(815301076,1909f56bfc062723c751e8b465ee728b)  -> (artifact id: '261015e3f431653e794981910d300ab4') in 0.007160 seconds
  Import took 0.010299 seconds .

========================================================================
Received Import Request.
  Time since last request: 0.001908 seconds.
  path: Assets/Scripts/AI Behavior
  artifactKey: Guid(dc8b7f0351ccdf741a996631e9b4b458) Importer(815301076,1909f56bfc062723c751e8b465ee728b)
Start importing Assets/Scripts/AI Behavior using Guid(dc8b7f0351ccdf741a996631e9b4b458) Importer(815301076,1909f56bfc062723c751e8b465ee728b)  -> (artifact id: '261015e3f431653e794981910d300ab4') in 0.001789 seconds
  Import took 0.004857 seconds .

========================================================================
Received Import Request.
  Time since last request: 5.408991 seconds.
  path: Assets/Scripts
  artifactKey: Guid(069bcddbae71f7742a755ae12aa0c688) Importer(815301076,1909f56bfc062723c751e8b465ee728b)
Start importing Assets/Scripts using Guid(069bcddbae71f7742a755ae12aa0c688) Importer(815301076,1909f56bfc062723c751e8b465ee728b)  -> (artifact id: '18d01cb4c704d98255df741fb42b671a') in 0.004923 seconds
  Import took 0.008879 seconds .

========================================================================
Received Import Request.
  Time since last request: 0.000702 seconds.
  path: Assets/Scripts
  artifactKey: Guid(069bcddbae71f7742a755ae12aa0c688) Importer(815301076,1909f56bfc062723c751e8b465ee728b)
Start importing Assets/Scripts using Guid(069bcddbae71f7742a755ae12aa0c688) Importer(815301076,1909f56bfc062723c751e8b465ee728b)  -> (artifact id: '18d01cb4c704d98255df741fb42b671a') in 0.001921 seconds
  Import took 0.005252 seconds .

========================================================================
Received Import Request.
  Time since last request: 8.104031 seconds.
  path: Assets/Scripts/Player Functionalities
  artifactKey: Guid(b5e9802f496d5254c8f8df5c94e3c0f1) Importer(815301076,1909f56bfc062723c751e8b465ee728b)
Start importing Assets/Scripts/Player Functionalities using Guid(b5e9802f496d5254c8f8df5c94e3c0f1) Importer(815301076,1909f56bfc062723c751e8b465ee728b)  -> (artifact id: 'e4cc99b4cf5e5e5efb5720e0ddb0eef7') in 0.005185 seconds
  Import took 0.008951 seconds .

========================================================================
Received Import Request.
  Time since last request: 4.865215 seconds.
  path: Assets/Scripts/Player Functionalities/New Folder
  artifactKey: Guid(d255645bdb824294ca032de63206778a) Importer(815301076,1909f56bfc062723c751e8b465ee728b)
Start importing Assets/Scripts/Player Functionalities/New Folder using Guid(d255645bdb824294ca032de63206778a) Importer(815301076,1909f56bfc062723c751e8b465ee728b)  -> (artifact id: '5f61411d36e29e7b0f309087bd574390') in 0.004874 seconds
  Import took 0.008828 seconds .

========================================================================
Received Import Request.
  Time since last request: 5.777059 seconds.
  path: Assets/Scripts/Player Functionalities/Catch.cs
  artifactKey: Guid(5d5373576e3b8e942b1a5387d0aafa16) Importer(815301076,1909f56bfc062723c751e8b465ee728b)
Start importing Assets/Scripts/Player Functionalities/Catch.cs using Guid(5d5373576e3b8e942b1a5387d0aafa16) Importer(815301076,1909f56bfc062723c751e8b465ee728b)  -> (artifact id: 'fedc17d0ee6a54412269baebd0c2a568') in 0.020131 seconds
  Import took 0.023250 seconds .

========================================================================
Received Prepare
Registering precompiled user dll's ...
Registered in 0.004558 seconds.
Begin MonoManager ReloadAssembly
Native extension for WindowsStandalone target not found
Native extension for WebGL target not found
Refreshing native plugins compatible for Editor in 0.68 ms, found 3 plugins.
Preloading 0 native plugins for Editor in 0.00 ms.
Mono: successfully reloaded assembly
- Completed reload, in  0.926 seconds
Platform modules already initialized, skipping
Refreshing native plugins compatible for Editor in 0.77 ms, found 3 plugins.
Preloading 0 native plugins for Editor in 0.00 ms.
Unloading 2580 Unused Serialized files (Serialized files now loaded: 0)
System memory in use before: 106.0 MB.
System memory in use after: 106.3 MB.

Unloading 52 unused Assets to reduce memory usage. Loaded Objects now: 3009.
Total: 4.689400 ms (FindLiveObjects: 0.191300 ms CreateObjectMapping: 0.101600 ms MarkObjects: 4.373100 ms  DeleteObjects: 0.022700 ms)

========================================================================
Received Import Request.
  Time since last request: 15.026211 seconds.
  path: Assets/Scripts/Player Functionalities/MainCharacterController.cs
  artifactKey: Guid(4179dc3b39ca378439cc6dfb1c4322e4) Importer(815301076,1909f56bfc062723c751e8b465ee728b)
Start importing Assets/Scripts/Player Functionalities/MainCharacterController.cs using Guid(4179dc3b39ca378439cc6dfb1c4322e4) Importer(815301076,1909f56bfc062723c751e8b465ee728b)  -> (artifact id: 'af82bf68f5b2b7f45657b4521a28a9da') in 0.008377 seconds
  Import took 0.011626 seconds .

========================================================================
Received Prepare
Registering precompiled user dll's ...
Registered in 0.004604 seconds.
Begin MonoManager ReloadAssembly
Native extension for WindowsStandalone target not found
Native extension for WebGL target not found
Refreshing native plugins compatible for Editor in 0.68 ms, found 3 plugins.
Preloading 0 native plugins for Editor in 0.00 ms.
Mono: successfully reloaded assembly
- Completed reload, in  0.904 seconds
Platform modules already initialized, skipping
Refreshing native plugins compatible for Editor in 0.67 ms, found 3 plugins.
Preloading 0 native plugins for Editor in 0.00 ms.
Unloading 2581 Unused Serialized files (Serialized files now loaded: 0)
System memory in use before: 106.1 MB.
System memory in use after: 106.3 MB.

Unloading 52 unused Assets to reduce memory usage. Loaded Objects now: 3014.
Total: 4.572600 ms (FindLiveObjects: 0.180300 ms CreateObjectMapping: 0.095000 ms MarkObjects: 4.275000 ms  DeleteObjects: 0.021600 ms)

========================================================================
Received Import Request.
  Time since last request: 8.955619 seconds.
  path: Assets/Scripts/Player Functionalities/IFunctionInteract.cs
  artifactKey: Guid(df4be6caf50e00540ac1411ac288af1c) Importer(815301076,1909f56bfc062723c751e8b465ee728b)
Start importing Assets/Scripts/Player Functionalities/IFunctionInteract.cs using Guid(df4be6caf50e00540ac1411ac288af1c) Importer(815301076,1909f56bfc062723c751e8b465ee728b)  -> (artifact id: '439bbfb47f3675e14642ed07621d0425') in 0.008092 seconds
  Import took 0.012953 seconds .

========================================================================
Received Prepare
Registering precompiled user dll's ...
Registered in 0.004370 seconds.
Begin MonoManager ReloadAssembly
Native extension for WindowsStandalone target not found
Native extension for WebGL target not found
Refreshing native plugins compatible for Editor in 0.73 ms, found 3 plugins.
Preloading 0 native plugins for Editor in 0.00 ms.
Mono: successfully reloaded assembly
- Completed reload, in  1.194 seconds
Platform modules already initialized, skipping
Refreshing native plugins compatible for Editor in 0.73 ms, found 3 plugins.
Preloading 0 native plugins for Editor in 0.00 ms.
Unloading 2582 Unused Serialized files (Serialized files now loaded: 0)
System memory in use before: 106.0 MB.
System memory in use after: 106.2 MB.

Unloading 52 unused Assets to reduce memory usage. Loaded Objects now: 3019.
Total: 4.888200 ms (FindLiveObjects: 0.240400 ms CreateObjectMapping: 0.111400 ms MarkObjects: 4.509900 ms  DeleteObjects: 0.025500 ms)

========================================================================
Received Prepare
Registering precompiled user dll's ...
Registered in 0.004425 seconds.
Begin MonoManager ReloadAssembly
Native extension for WindowsStandalone target not found
Native extension for WebGL target not found
Refreshing native plugins compatible for Editor in 0.69 ms, found 3 plugins.
Preloading 0 native plugins for Editor in 0.00 ms.
Mono: successfully reloaded assembly
- Completed reload, in  0.872 seconds
Platform modules already initialized, skipping
Refreshing native plugins compatible for Editor in 0.68 ms, found 3 plugins.
Preloading 0 native plugins for Editor in 0.00 ms.
Unloading 2582 Unused Serialized files (Serialized files now loaded: 0)
System memory in use before: 106.1 MB.
System memory in use after: 106.4 MB.

Unloading 52 unused Assets to reduce memory usage. Loaded Objects now: 3023.
Total: 4.709900 ms (FindLiveObjects: 0.195100 ms CreateObjectMapping: 0.092000 ms MarkObjects: 4.401100 ms  DeleteObjects: 0.020900 ms)

========================================================================
Received Prepare
Registering precompiled user dll's ...
Registered in 0.004871 seconds.
Begin MonoManager ReloadAssembly
Native extension for WindowsStandalone target not found
Native extension for WebGL target not found
Refreshing native plugins compatible for Editor in 0.69 ms, found 3 plugins.
Preloading 0 native plugins for Editor in 0.00 ms.
Mono: successfully reloaded assembly
- Completed reload, in  0.885 seconds
Platform modules already initialized, skipping
Refreshing native plugins compatible for Editor in 0.79 ms, found 3 plugins.
Preloading 0 native plugins for Editor in 0.00 ms.
Unloading 2582 Unused Serialized files (Serialized files now loaded: 0)
System memory in use before: 106.1 MB.
System memory in use after: 106.4 MB.

Unloading 52 unused Assets to reduce memory usage. Loaded Objects now: 3027.
Total: 5.071900 ms (FindLiveObjects: 0.206700 ms CreateObjectMapping: 0.090800 ms MarkObjects: 4.748000 ms  DeleteObjects: 0.023700 ms)

========================================================================
Received Prepare
Registering precompiled user dll's ...
Registered in 0.005687 seconds.
Begin MonoManager ReloadAssembly
Native extension for WindowsStandalone target not found
Native extension for WebGL target not found
Refreshing native plugins compatible for Editor in 0.68 ms, found 3 plugins.
Preloading 0 native plugins for Editor in 0.00 ms.
Mono: successfully reloaded assembly
- Completed reload, in  0.871 seconds
Platform modules already initialized, skipping
Refreshing native plugins compatible for Editor in 0.81 ms, found 3 plugins.
Preloading 0 native plugins for Editor in 0.00 ms.
Unloading 2582 Unused Serialized files (Serialized files now loaded: 0)
System memory in use before: 106.1 MB.
System memory in use after: 106.4 MB.

Unloading 52 unused Assets to reduce memory usage. Loaded Objects now: 3031.
Total: 4.734200 ms (FindLiveObjects: 0.180400 ms CreateObjectMapping: 0.080200 ms MarkObjects: 4.450600 ms  DeleteObjects: 0.022300 ms)

========================================================================
Received Import Request.
  Time since last request: 114.421244 seconds.
  path: Assets/Sprites/Dog-Idle-Side-Sprite.png
  artifactKey: Guid(50e5f7ada0ba2ce4e82e8be1ef26a119) Importer(815301076,1909f56bfc062723c751e8b465ee728b)
Start importing Assets/Sprites/Dog-Idle-Side-Sprite.png using Guid(50e5f7ada0ba2ce4e82e8be1ef26a119) Importer(815301076,1909f56bfc062723c751e8b465ee728b)  -> (artifact id: '41cee6373774150d3590199cc86affd2') in 0.068191 seconds
  Import took 0.071497 seconds .

========================================================================
Received Import Request.
  Time since last request: 29.711874 seconds.
  path: Assets/Sprites/Dog-Idle-Side-Sprite.png
  artifactKey: Guid(50e5f7ada0ba2ce4e82e8be1ef26a119) Importer(815301076,1909f56bfc062723c751e8b465ee728b)
Start importing Assets/Sprites/Dog-Idle-Side-Sprite.png using Guid(50e5f7ada0ba2ce4e82e8be1ef26a119) Importer(815301076,1909f56bfc062723c751e8b465ee728b)  -> (artifact id: '43bae55dcfdf68b9dd7d90b5d0c57c3d') in 0.006881 seconds
  Import took 0.010096 seconds .

========================================================================
Received Import Request.
  Time since last request: 0.004339 seconds.
  path: Assets/Sprites/Dog-Idle-Side-Sprite.png
  artifactKey: Guid(50e5f7ada0ba2ce4e82e8be1ef26a119) Importer(815301076,1909f56bfc062723c751e8b465ee728b)
Start importing Assets/Sprites/Dog-Idle-Side-Sprite.png using Guid(50e5f7ada0ba2ce4e82e8be1ef26a119) Importer(815301076,1909f56bfc062723c751e8b465ee728b)  -> (artifact id: '43bae55dcfdf68b9dd7d90b5d0c57c3d') in 0.007781 seconds
  Import took 0.011891 seconds .

========================================================================
Received Import Request.
  Time since last request: 8.055569 seconds.
  path: Assets/Sprites/Tiles/Ground Tiles/Tilemap Tiles/belowclif tiles2 1.png
  artifactKey: Guid(39674342e5dc1614c96c460dff4bf7f3) Importer(815301076,1909f56bfc062723c751e8b465ee728b)
Start importing Assets/Sprites/Tiles/Ground Tiles/Tilemap Tiles/belowclif tiles2 1.png using Guid(39674342e5dc1614c96c460dff4bf7f3) Importer(815301076,1909f56bfc062723c751e8b465ee728b)  -> (artifact id: '8d25c266af6a9eec4904ed64b39f2fc7') in 0.043508 seconds
  Import took 0.046869 seconds .

========================================================================
Received Import Request.
  Time since last request: 0.000401 seconds.
  path: Assets/Sprites/Tiles/Ground Tiles/Tilemap Tiles/belowclif tiles.png
  artifactKey: Guid(a34e2d6f1f3dac241a1b98117b44259f) Importer(815301076,1909f56bfc062723c751e8b465ee728b)
Start importing Assets/Sprites/Tiles/Ground Tiles/Tilemap Tiles/belowclif tiles.png using Guid(a34e2d6f1f3dac241a1b98117b44259f) Importer(815301076,1909f56bfc062723c751e8b465ee728b)  -> (artifact id: '16280ef5c51603904271c527e0abdc04') in 0.015154 seconds
  Import took 0.018420 seconds .

========================================================================
Received Import Request.
  Time since last request: 0.000254 seconds.
  path: Assets/Sprites/Entities/Character-Walk-Front-Sprite-Sheet.png
  artifactKey: Guid(ed847034a15b319429d5ea54b5ac605d) Importer(815301076,1909f56bfc062723c751e8b465ee728b)
Start importing Assets/Sprites/Entities/Character-Walk-Front-Sprite-Sheet.png using Guid(ed847034a15b319429d5ea54b5ac605d) Importer(815301076,1909f56bfc062723c751e8b465ee728b)  -> (artifact id: '7f9a23ef208e8edaddc386add7361aeb') in 0.017193 seconds
  Import took 0.020352 seconds .

========================================================================
Received Import Request.
  Time since last request: 0.000142 seconds.
  path: Assets/Sprites/Entities/Character-Idle-Front-Sprite-Sheet.png
  artifactKey: Guid(0ae6851c51d78a241ba50653785219e5) Importer(815301076,1909f56bfc062723c751e8b465ee728b)
Start importing Assets/Sprites/Entities/Character-Idle-Front-Sprite-Sheet.png using Guid(0ae6851c51d78a241ba50653785219e5) Importer(815301076,1909f56bfc062723c751e8b465ee728b)  -> (artifact id: 'efebd0d30d686d688cbc7f0ebb164baf') in 0.014887 seconds
  Import took 0.018028 seconds .

========================================================================
Received Import Request.
  Time since last request: 0.000220 seconds.
  path: Assets/Sprites/Entities/Character-Idle-Side-Sheet.png
  artifactKey: Guid(e5385aad08ca1224dabf04e7d97640f1) Importer(815301076,1909f56bfc062723c751e8b465ee728b)
Start importing Assets/Sprites/Entities/Character-Idle-Side-Sheet.png using Guid(e5385aad08ca1224dabf04e7d97640f1) Importer(815301076,1909f56bfc062723c751e8b465ee728b)  -> (artifact id: '8fc4e7ed6c41e7c66dc7b67ec490f46c') in 0.017023 seconds
  Import took 0.020172 seconds .

========================================================================
Received Import Request.
  Time since last request: 0.000192 seconds.
  path: Assets/Sprites/Entities/Character-Idle-Back-Sheet.png
  artifactKey: Guid(985a77190730cd04483915f0d2dae89b) Importer(815301076,1909f56bfc062723c751e8b465ee728b)
Start importing Assets/Sprites/Entities/Character-Idle-Back-Sheet.png using Guid(985a77190730cd04483915f0d2dae89b) Importer(815301076,1909f56bfc062723c751e8b465ee728b)  -> (artifact id: 'afd3dccee46e2beb35d197f8a7c33bc3') in 0.016400 seconds
  Import took 0.020304 seconds .

========================================================================
Received Import Request.
  Time since last request: 0.000223 seconds.
  path: Assets/Sprites/Entities/Character-Walk-Side-Sheet.png
  artifactKey: Guid(d04e861d2677b654c80ab5d950e5913c) Importer(815301076,1909f56bfc062723c751e8b465ee728b)
Start importing Assets/Sprites/Entities/Character-Walk-Side-Sheet.png using Guid(d04e861d2677b654c80ab5d950e5913c) Importer(815301076,1909f56bfc062723c751e8b465ee728b)  -> (artifact id: '63a1eaf7ffaf683597da39c231e9bff0') in 0.015949 seconds
  Import took 0.019536 seconds .

========================================================================
Received Import Request.
  Time since last request: 0.000175 seconds.
  path: Assets/Sprites/UI/Creature Catcher Logo.png
  artifactKey: Guid(6211f9cbea38c7a47b25267cb53b37e8) Importer(815301076,1909f56bfc062723c751e8b465ee728b)
Start importing Assets/Sprites/UI/Creature Catcher Logo.png using Guid(6211f9cbea38c7a47b25267cb53b37e8) Importer(815301076,1909f56bfc062723c751e8b465ee728b)  -> (artifact id: '20babc4d35f63ca968098c21fb75544a') in 0.015811 seconds
  Import took 0.019102 seconds .

========================================================================
Received Import Request.
  Time since last request: 0.000192 seconds.
  path: Assets/Sprites/Entities/Character-Walk-Back-Sheet.png
  artifactKey: Guid(9fc671b9150c63e49b428c426a680187) Importer(815301076,1909f56bfc062723c751e8b465ee728b)
Start importing Assets/Sprites/Entities/Character-Walk-Back-Sheet.png using Guid(9fc671b9150c63e49b428c426a680187) Importer(815301076,1909f56bfc062723c751e8b465ee728b)  -> (artifact id: '631fec11de181bc24f38393a6185fe42') in 0.016101 seconds
  Import took 0.019584 seconds .

========================================================================
Received Import Request.
  Time since last request: 0.000191 seconds.
  path: Assets/Sprites/Tiles/Ground Tiles/Tilemap Tiles/Grassy Terrain Tilemap-Sheet1.png
  artifactKey: Guid(9be89772be4ec7c49bd0357dbc36ed2d) Importer(815301076,1909f56bfc062723c751e8b465ee728b)
Start importing Assets/Sprites/Tiles/Ground Tiles/Tilemap Tiles/Grassy Terrain Tilemap-Sheet1.png using Guid(9be89772be4ec7c49bd0357dbc36ed2d) Importer(815301076,1909f56bfc062723c751e8b465ee728b)  -> (artifact id: 'dfb23506357eeeb4e19bbdf033783392') in 0.260084 seconds
  Import took 0.263796 seconds .

========================================================================
Received Import Request.
  Time since last request: 0.000184 seconds.
  path: Assets/Sprites/UI/Capturer.jpg
  artifactKey: Guid(0170fbf8f701aa240b9718a76782b711) Importer(815301076,1909f56bfc062723c751e8b465ee728b)
Start importing Assets/Sprites/UI/Capturer.jpg using Guid(0170fbf8f701aa240b9718a76782b711) Importer(815301076,1909f56bfc062723c751e8b465ee728b)  -> (artifact id: 'eb93e2beff8a98ea1356330881f53fca') in 0.019117 seconds
  Import took 0.022319 seconds .

========================================================================
Received Import Request.
  Time since last request: 0.000280 seconds.
  path: Assets/Sprites/Tiles/Ground Tiles/Tilemap Tiles/grasscorner1.png
  artifactKey: Guid(29207a9d720d12d48b99abbbd866e153) Importer(815301076,1909f56bfc062723c751e8b465ee728b)
Start importing Assets/Sprites/Tiles/Ground Tiles/Tilemap Tiles/grasscorner1.png using Guid(29207a9d720d12d48b99abbbd866e153) Importer(815301076,1909f56bfc062723c751e8b465ee728b)  -> (artifact id: '98cdb98b2b9945af4fcdbbf71b484b73') in 0.013893 seconds
  Import took 0.018173 seconds .

========================================================================
Received Import Request.
  Time since last request: 0.000203 seconds.
  path: Assets/Sprites/Tiles/Ground Tiles/Tilemap Tiles/belowclif tiles3.png
  artifactKey: Guid(44ba1bb931ab6fa4c99fdbc2a64e9425) Importer(815301076,1909f56bfc062723c751e8b465ee728b)
Start importing Assets/Sprites/Tiles/Ground Tiles/Tilemap Tiles/belowclif tiles3.png using Guid(44ba1bb931ab6fa4c99fdbc2a64e9425) Importer(815301076,1909f56bfc062723c751e8b465ee728b)  -> (artifact id: 'e3ba20b5443c18813c3b54ac7da741d9') in 0.021665 seconds
  Import took 0.024720 seconds .

========================================================================
Received Import Request.
  Time since last request: 0.000196 seconds.
  path: Assets/Sprites/Tiles/Ground Tiles/Tilemap Tiles/grasscorner2.png
  artifactKey: Guid(afcaabd872f3c124fb7ecbce8b499d92) Importer(815301076,1909f56bfc062723c751e8b465ee728b)
Start importing Assets/Sprites/Tiles/Ground Tiles/Tilemap Tiles/grasscorner2.png using Guid(afcaabd872f3c124fb7ecbce8b499d92) Importer(815301076,1909f56bfc062723c751e8b465ee728b)  -> (artifact id: '2a859f8b21b2d82a4687b56a3f788cf4') in 0.010924 seconds
  Import took 0.014607 seconds .

========================================================================
Received Import Request.
  Time since last request: 0.005552 seconds.
  path: Assets/Sprites/Tiles/Ground Tiles/Tilemap Tiles/belowclif tiles3.png
  artifactKey: Guid(44ba1bb931ab6fa4c99fdbc2a64e9425) Importer(815301076,1909f56bfc062723c751e8b465ee728b)
Start importing Assets/Sprites/Tiles/Ground Tiles/Tilemap Tiles/belowclif tiles3.png using Guid(44ba1bb931ab6fa4c99fdbc2a64e9425) Importer(815301076,1909f56bfc062723c751e8b465ee728b)  -> (artifact id: 'e3ba20b5443c18813c3b54ac7da741d9') in 0.012513 seconds
  Import took 0.015911 seconds .

========================================================================
Received Import Request.
  Time since last request: 32.347960 seconds.
  path: Assets/Sprites/Entities/character-real-idle.png
  artifactKey: Guid(1eaa4dcd4097b8d4f9bc772480034beb) Importer(815301076,1909f56bfc062723c751e8b465ee728b)
Start importing Assets/Sprites/Entities/character-real-idle.png using Guid(1eaa4dcd4097b8d4f9bc772480034beb) Importer(815301076,1909f56bfc062723c751e8b465ee728b)  -> (artifact id: 'c53c98153aefbabb634f2a2d4cee16f9') in 0.010777 seconds
  Import took 0.014580 seconds .

========================================================================
Received Import Request.
  Time since last request: 0.003141 seconds.
  path: Assets/Sprites/Entities/character-real-idle.png
  artifactKey: Guid(1eaa4dcd4097b8d4f9bc772480034beb) Importer(815301076,1909f56bfc062723c751e8b465ee728b)
Start importing Assets/Sprites/Entities/character-real-idle.png using Guid(1eaa4dcd4097b8d4f9bc772480034beb) Importer(815301076,1909f56bfc062723c751e8b465ee728b)  -> (artifact id: 'c53c98153aefbabb634f2a2d4cee16f9') in 0.005275 seconds
  Import took 0.008763 seconds .

========================================================================
Received Import Request.
  Time since last request: 5.261389 seconds.
  path: Assets/Sprites/Tiles/Ground Tiles/Tilemap Tiles/Grassy Terrain Tilemap-Sheet.png
  artifactKey: Guid(e25ed3ab110ffb84faae97df4f4d2c11) Importer(815301076,1909f56bfc062723c751e8b465ee728b)
Start importing Assets/Sprites/Tiles/Ground Tiles/Tilemap Tiles/Grassy Terrain Tilemap-Sheet.png using Guid(e25ed3ab110ffb84faae97df4f4d2c11) Importer(815301076,1909f56bfc062723c751e8b465ee728b)  -> (artifact id: '6eb0b4389375947d364f2380b0f16a27') in 0.271336 seconds
  Import took 0.275476 seconds .

========================================================================
Received Import Request.
  Time since last request: 0.595713 seconds.
  path: Assets/Sprites/UI/inventory.png
  artifactKey: Guid(3d3511481d7851041a155953b7136c32) Importer(815301076,1909f56bfc062723c751e8b465ee728b)
Start importing Assets/Sprites/UI/inventory.png using Guid(3d3511481d7851041a155953b7136c32) Importer(815301076,1909f56bfc062723c751e8b465ee728b)  -> (artifact id: '6f70386b6e683b6a16c52b558f3321af') in 0.011410 seconds
  Import took 0.014849 seconds .

========================================================================
Received Import Request.
  Time since last request: 0.000175 seconds.
  path: Assets/Sprites/TestSprites/stick.png
  artifactKey: Guid(2879c72c093e89440a38302d966dd1e8) Importer(815301076,1909f56bfc062723c751e8b465ee728b)
Start importing Assets/Sprites/TestSprites/stick.png using Guid(2879c72c093e89440a38302d966dd1e8) Importer(815301076,1909f56bfc062723c751e8b465ee728b)  -> (artifact id: '2007ec2506e1b41069d3f4fa1c9f0001') in 0.161329 seconds
  Import took 0.164349 seconds .

========================================================================
Received Import Request.
  Time since last request: 0.000200 seconds.
  path: Assets/Sprites/Tiles/Ground Tiles/Terrain Details/treeV2.png
  artifactKey: Guid(ea203d758ff663040bd52a3344d1d12b) Importer(815301076,1909f56bfc062723c751e8b465ee728b)
Start importing Assets/Sprites/Tiles/Ground Tiles/Terrain Details/treeV2.png using Guid(ea203d758ff663040bd52a3344d1d12b) Importer(815301076,1909f56bfc062723c751e8b465ee728b)  -> (artifact id: 'e369186be4baf3a2f4a11787961ce12c') in 0.012508 seconds
  Import took 0.015568 seconds .

========================================================================
Received Import Request.
  Time since last request: 0.000236 seconds.
  path: Assets/Sprites/TestSprites/pumpkin.png
  artifactKey: Guid(65f18d61fc3eb214baccf65da0b9ac0b) Importer(815301076,1909f56bfc062723c751e8b465ee728b)
Start importing Assets/Sprites/TestSprites/pumpkin.png using Guid(65f18d61fc3eb214baccf65da0b9ac0b) Importer(815301076,1909f56bfc062723c751e8b465ee728b)  -> (artifact id: '44be093d54e8a1e32a6e38667e037bf1') in 0.011345 seconds
  Import took 0.015328 seconds .

========================================================================
Received Import Request.
  Time since last request: 0.000193 seconds.
  path: Assets/Sprites/Tiles/Ground Tiles/Terrain Details/Tree1.png
  artifactKey: Guid(20b49d55534eef046ba221948f3516b4) Importer(815301076,1909f56bfc062723c751e8b465ee728b)
Start importing Assets/Sprites/Tiles/Ground Tiles/Terrain Details/Tree1.png using Guid(20b49d55534eef046ba221948f3516b4) Importer(815301076,1909f56bfc062723c751e8b465ee728b)  -> (artifact id: 'a0602e3b754372ec6a1aa9bd1dec3049') in 0.011829 seconds
  Import took 0.015288 seconds .

========================================================================
Received Import Request.
  Time since last request: 7.649336 seconds.
  path: Assets/Sprites/Entities
  artifactKey: Guid(54f3641cfb0cdf9419ad4fd7bf3d74c0) Importer(815301076,1909f56bfc062723c751e8b465ee728b)
Start importing Assets/Sprites/Entities using Guid(54f3641cfb0cdf9419ad4fd7bf3d74c0) Importer(815301076,1909f56bfc062723c751e8b465ee728b)  -> (artifact id: '8cf032eb83ca269efea4c58129a17d9d') in 0.005683 seconds
  Import took 0.009460 seconds .

========================================================================
Received Import Request.
  Time since last request: 0.000890 seconds.
  path: Assets/Sprites/Entities
  artifactKey: Guid(54f3641cfb0cdf9419ad4fd7bf3d74c0) Importer(815301076,1909f56bfc062723c751e8b465ee728b)
Start importing Assets/Sprites/Entities using Guid(54f3641cfb0cdf9419ad4fd7bf3d74c0) Importer(815301076,1909f56bfc062723c751e8b465ee728b)  -> (artifact id: '8cf032eb83ca269efea4c58129a17d9d') in 0.001946 seconds
  Import took 0.005770 seconds .

========================================================================
Received Import Request.
  Time since last request: 5.392969 seconds.
  path: Assets/Sprites/Entities/Dog-Idle-Side-Sprite.png
  artifactKey: Guid(50e5f7ada0ba2ce4e82e8be1ef26a119) Importer(815301076,1909f56bfc062723c751e8b465ee728b)
Start importing Assets/Sprites/Entities/Dog-Idle-Side-Sprite.png using Guid(50e5f7ada0ba2ce4e82e8be1ef26a119) Importer(815301076,1909f56bfc062723c751e8b465ee728b)  -> (artifact id: '45c36d4d1b1d8c037b6a55d94f9bb980') in 0.011730 seconds
  Import took 0.015109 seconds .

========================================================================
Received Import Request.
  Time since last request: 4.615262 seconds.
  path: Assets/Sprites/Entities/Dog-Idle-Side-Sprite.png
  artifactKey: Guid(50e5f7ada0ba2ce4e82e8be1ef26a119) Importer(815301076,1909f56bfc062723c751e8b465ee728b)
Start importing Assets/Sprites/Entities/Dog-Idle-Side-Sprite.png using Guid(50e5f7ada0ba2ce4e82e8be1ef26a119) Importer(815301076,1909f56bfc062723c751e8b465ee728b)  -> (artifact id: '3130fb0b078d5d3f7b51381f154c7ad7') in 0.005820 seconds
  Import took 0.009150 seconds .

========================================================================
Received Import Request.
  Time since last request: 0.005601 seconds.
  path: Assets/Sprites/Entities/Dog-Idle-Side-Sprite.png
  artifactKey: Guid(50e5f7ada0ba2ce4e82e8be1ef26a119) Importer(815301076,1909f56bfc062723c751e8b465ee728b)
Start importing Assets/Sprites/Entities/Dog-Idle-Side-Sprite.png using Guid(50e5f7ada0ba2ce4e82e8be1ef26a119) Importer(815301076,1909f56bfc062723c751e8b465ee728b)  -> (artifact id: '3130fb0b078d5d3f7b51381f154c7ad7') in 0.012047 seconds
  Import took 0.015325 seconds .

========================================================================
Received Import Request.
  Time since last request: 34.062351 seconds.
  path: Assets/Sprites/Entities/Dog-Idle-Side-Sprite.png
  artifactKey: Guid(50e5f7ada0ba2ce4e82e8be1ef26a119) Importer(815301076,1909f56bfc062723c751e8b465ee728b)
Start importing Assets/Sprites/Entities/Dog-Idle-Side-Sprite.png using Guid(50e5f7ada0ba2ce4e82e8be1ef26a119) Importer(815301076,1909f56bfc062723c751e8b465ee728b)  -> (artifact id: '382aacdb3ed2b1c1ac7798d20667c237') in 0.009651 seconds
  Import took 0.013289 seconds .

========================================================================
Received Import Request.
  Time since last request: 0.002305 seconds.
  path: Assets/Sprites/Entities/Dog-Idle-Side-Sprite.png
  artifactKey: Guid(50e5f7ada0ba2ce4e82e8be1ef26a119) Importer(815301076,1909f56bfc062723c751e8b465ee728b)
Start importing Assets/Sprites/Entities/Dog-Idle-Side-Sprite.png using Guid(50e5f7ada0ba2ce4e82e8be1ef26a119) Importer(815301076,1909f56bfc062723c751e8b465ee728b)  -> (artifact id: '382aacdb3ed2b1c1ac7798d20667c237') in 0.009146 seconds
  Import took 0.012654 seconds .

========================================================================
Received Import Request.
  Time since last request: 51.017549 seconds.
  path: ProjectSettings/TagManager.asset
  artifactKey: Guid(00000000000000003000000000000000) Importer(815301076,1909f56bfc062723c751e8b465ee728b)
Start importing ProjectSettings/TagManager.asset using Guid(00000000000000003000000000000000) Importer(815301076,1909f56bfc062723c751e8b465ee728b)  -> (artifact id: 'ce6a35c3cddc746e7501c0bd0ed6d4ce') in 0.010034 seconds
  Import took 0.014048 seconds .

========================================================================
Received Prepare
Registering precompiled user dll's ...
Registered in 0.004518 seconds.
Begin MonoManager ReloadAssembly
Native extension for WindowsStandalone target not found
Native extension for WebGL target not found
Refreshing native plugins compatible for Editor in 0.70 ms, found 3 plugins.
Preloading 0 native plugins for Editor in 0.00 ms.
Mono: successfully reloaded assembly
- Completed reload, in  0.892 seconds
Platform modules already initialized, skipping
Refreshing native plugins compatible for Editor in 0.68 ms, found 3 plugins.
Preloading 0 native plugins for Editor in 0.00 ms.
Unloading 2582 Unused Serialized files (Serialized files now loaded: 0)
System memory in use before: 109.4 MB.
System memory in use after: 109.6 MB.

Unloading 53 unused Assets to reduce memory usage. Loaded Objects now: 3068.
Total: 4.857300 ms (FindLiveObjects: 0.212300 ms CreateObjectMapping: 0.111600 ms MarkObjects: 4.508600 ms  DeleteObjects: 0.023900 ms)

========================================================================
Received Prepare
Registering precompiled user dll's ...
Registered in 0.004855 seconds.
Begin MonoManager ReloadAssembly
Native extension for WindowsStandalone target not found
Native extension for WebGL target not found
Refreshing native plugins compatible for Editor in 0.69 ms, found 3 plugins.
Preloading 0 native plugins for Editor in 0.00 ms.
Mono: successfully reloaded assembly
- Completed reload, in  0.872 seconds
Platform modules already initialized, skipping
Refreshing native plugins compatible for Editor in 0.66 ms, found 3 plugins.
Preloading 0 native plugins for Editor in 0.00 ms.
Unloading 2582 Unused Serialized files (Serialized files now loaded: 0)
System memory in use before: 109.3 MB.
System memory in use after: 109.5 MB.

Unloading 52 unused Assets to reduce memory usage. Loaded Objects now: 3072.
Total: 5.031400 ms (FindLiveObjects: 0.200700 ms CreateObjectMapping: 0.093500 ms MarkObjects: 4.713200 ms  DeleteObjects: 0.023100 ms)

AssetImportWorkerClient::OnTransportError - code=2 error=End of file
